[INFO] Scanning for projects...
[INFO] 
[INFO] --------------------< com.smarthome:energy-backend >--------------------
[INFO] Building energy-backend 0.0.1-SNAPSHOT
[INFO]   from pom.xml
[INFO] --------------------------------[ jar ]---------------------------------
[INFO] 
[INFO] --- resources:3.3.1:resources (default-resources) @ energy-backend ---
[INFO] Copying 1 resource from src\main\resources to target\classes
[INFO] Copying 0 resource from src\main\resources to target\classes
[INFO] 
[INFO] --- compiler:3.11.0:compile (default-compile) @ energy-backend ---
[INFO] Changes detected - recompiling the module! :source
[INFO] Compiling 6 source files with javac [debug release 17] to target\classes
[INFO] -------------------------------------------------------------
[ERROR] COMPILATION ERROR : 
[INFO] -------------------------------------------------------------
[ERROR] /D:/infosys/smart-home-backend/src/main/java/com/smarthome/energy/controller/AuthController.java:[24,55] cannot find symbol
  symbol:   method getEmail()
  location: variable signUpRequest of type com.smarthome.energy.dto.SignupRequest
[ERROR] /D:/infosys/smart-home-backend/src/main/java/com/smarthome/energy/controller/AuthController.java:[28,43] cannot find symbol
  symbol:   method getName()
  location: variable signUpRequest of type com.smarthome.energy.dto.SignupRequest
[ERROR] /D:/infosys/smart-home-backend/src/main/java/com/smarthome/energy/controller/AuthController.java:[28,68] cannot find symbol
  symbol:   method getEmail()
  location: variable signUpRequest of type com.smarthome.energy.dto.SignupRequest
[ERROR] /D:/infosys/smart-home-backend/src/main/java/com/smarthome/energy/controller/AuthController.java:[28,94] cannot find symbol
  symbol:   method getPassword()
  location: variable signUpRequest of type com.smarthome.energy.dto.SignupRequest
[ERROR] /D:/infosys/smart-home-backend/src/main/java/com/smarthome/energy/controller/AuthController.java:[36,78] cannot find symbol
  symbol:   method getEmail()
  location: variable loginRequest of type com.smarthome.energy.dto.LoginRequest
[ERROR] /D:/infosys/smart-home-backend/src/main/java/com/smarthome/energy/controller/AuthController.java:[40,21] cannot find symbol
  symbol:   method getPassword()
  location: variable user of type com.smarthome.energy.model.User
[ERROR] /D:/infosys/smart-home-backend/src/main/java/com/smarthome/energy/controller/AuthController.java:[40,55] cannot find symbol
  symbol:   method getPassword()
  location: variable loginRequest of type com.smarthome.energy.dto.LoginRequest
[INFO] 7 errors 
[INFO] -------------------------------------------------------------
[INFO] ------------------------------------------------------------------------
[INFO] BUILD FAILURE
[INFO] ------------------------------------------------------------------------
[INFO] Total time:  4.109 s
[INFO] Finished at: 2026-03-04T19:47:46+05:30
[INFO] ------------------------------------------------------------------------
[ERROR] Failed to execute goal org.apache.maven.plugins:maven-compiler-plugin:3.11.0:compile (default-compile) on project energy-backend: Compilation failure: Compilation failure: 
[ERROR] /D:/infosys/smart-home-backend/src/main/java/com/smarthome/energy/controller/AuthController.java:[24,55] cannot find symbol
[ERROR]   symbol:   method getEmail()
[ERROR]   location: variable signUpRequest of type com.smarthome.energy.dto.SignupRequest
[ERROR] /D:/infosys/smart-home-backend/src/main/java/com/smarthome/energy/controller/AuthController.java:[28,43] cannot find symbol
[ERROR]   symbol:   method getName()
[ERROR]   location: variable signUpRequest of type com.smarthome.energy.dto.SignupRequest
[ERROR] /D:/infosys/smart-home-backend/src/main/java/com/smarthome/energy/controller/AuthController.java:[28,68] cannot find symbol
[ERROR]   symbol:   method getEmail()
[ERROR]   location: variable signUpRequest of type com.smarthome.energy.dto.SignupRequest
[ERROR] /D:/infosys/smart-home-backend/src/main/java/com/smarthome/energy/controller/AuthController.java:[28,94] cannot find symbol
[ERROR]   symbol:   method getPassword()
[ERROR]   location: variable signUpRequest of type com.smarthome.energy.dto.SignupRequest
[ERROR] /D:/infosys/smart-home-backend/src/main/java/com/smarthome/energy/controller/AuthController.java:[36,78] cannot find symbol
[ERROR]   symbol:   method getEmail()
[ERROR]   location: variable loginRequest of type com.smarthome.energy.dto.LoginRequest
[ERROR] /D:/infosys/smart-home-backend/src/main/java/com/smarthome/energy/controller/AuthController.java:[40,21] cannot find symbol
[ERROR]   symbol:   method getPassword()
[ERROR]   location: variable user of type com.smarthome.energy.model.User
[ERROR] /D:/infosys/smart-home-backend/src/main/java/com/smarthome/energy/controller/AuthController.java:[40,55] cannot find symbol
[ERROR]   symbol:   method getPassword()
[ERROR]   location: variable loginRequest of type com.smarthome.energy.dto.LoginRequest
[ERROR] -> [Help 1]
[ERROR] 
[ERROR] To see the full stack trace of the errors, re-run Maven with the -e switch.
[ERROR] Re-run Maven using the -X switch to enable full debug logging.
[ERROR] 
[ERROR] For more information about the errors and possible solutions, please read the following articles:
[ERROR] [Help 1] http://cwiki.apache.org/confluence/display/MAVEN/MojoFailureException
